<?xml version="1.0" encoding="UTF-8"?>
<!-- Generated by org.testng.reporters.JUnitReportReporter -->
<testsuite skipped="0" hostname="DESKTOP-D8HNM4S" name="seleniumgrid.Node3" tests="1" failures="0" timestamp="2020-11-24T13:19:05 IST" time="21.135" errors="0">
  <testcase name="method3" time="21.135" classname="seleniumgrid.Node3"/>
  <system-out/>
</testsuite> <!-- seleniumgrid.Node3 -->
