<?xml version="1.0" encoding="UTF-8"?>
<!-- Generated by org.testng.reporters.JUnitReportReporter -->
<testsuite skipped="0" hostname="DESKTOP-D8HNM4S" name="seleniumgrid.Node2" tests="1" failures="0" timestamp="2020-11-24T13:19:05 IST" time="18.801" errors="0">
  <testcase name="method2" time="18.801" classname="seleniumgrid.Node2"/>
  <system-out/>
</testsuite> <!-- seleniumgrid.Node2 -->
