<?xml version="1.0" encoding="UTF-8"?>
<!-- Generated by org.testng.reporters.JUnitReportReporter -->
<testsuite skipped="0" hostname="DESKTOP-D8HNM4S" name="seleniumgrid.SeleniumGridParallel" tests="3" failures="0" timestamp="2020-11-24T13:15:51 IST" time="62.319" errors="0">
  <testcase name="method1" time="18.910" classname="seleniumgrid.SeleniumGridParallel"/>
  <system-out/>
  <testcase name="method2" time="19.226" classname="seleniumgrid.SeleniumGridParallel"/>
  <system-out/>
  <testcase name="method3" time="24.183" classname="seleniumgrid.SeleniumGridParallel"/>
  <system-out/>
</testsuite> <!-- seleniumgrid.SeleniumGridParallel -->
