<?xml version="1.0" encoding="UTF-8"?>
<!-- Generated by org.testng.reporters.JUnitReportReporter -->
<testsuite skipped="0" hostname="DESKTOP-D8HNM4S" name="seleniumgrid.Node1" tests="1" failures="0" timestamp="2020-11-24T13:19:05 IST" time="19.206" errors="0">
  <testcase name="method1" time="19.206" classname="seleniumgrid.Node1"/>
  <system-out/>
</testsuite> <!-- seleniumgrid.Node1 -->
