<?xml version="1.0" encoding="UTF-8"?>
<!-- Generated by org.testng.reporters.JUnitReportReporter -->
<testsuite skipped="0" hostname="DESKTOP-D8HNM4S" name="seleniumgrid.SeleniumGridParallelParameters" tests="3" failures="0" timestamp="2020-11-24T13:31:19 IST" time="56.708" errors="0">
  <testcase name="method1" time="17.795" classname="seleniumgrid.SeleniumGridParallelParameters"/>
  <system-out/>
  <testcase name="method1" time="20.778" classname="seleniumgrid.SeleniumGridParallelParameters"/>
  <system-out/>
  <testcase name="method1" time="18.135" classname="seleniumgrid.SeleniumGridParallelParameters"/>
  <system-out/>
</testsuite> <!-- seleniumgrid.SeleniumGridParallelParameters -->
